Warning[205] C:\USERS\LUISE\DOCUMENTS\UNIVERSIDAD\SEMESTRE IX\MICROCONTROLADORES\BANDA\BANDA.ASM 2 : Found directive in column 1. (list)
Warning[205] C:\USERS\LUISE\DOCUMENTS\UNIVERSIDAD\SEMESTRE IX\MICROCONTROLADORES\BANDA\BANDA.ASM 4 : Found directive in column 1. (__CONFIG)
Warning[203] C:\USERS\LUISE\DOCUMENTS\UNIVERSIDAD\SEMESTRE IX\MICROCONTROLADORES\BANDA\BANDA.ASM 18 : Found opcode in column 1. (goto)
Warning[205] C:\USERS\LUISE\DOCUMENTS\UNIVERSIDAD\SEMESTRE IX\MICROCONTROLADORES\BANDA\BANDA.ASM 19 : Found directive in column 1. (org)
Warning[203] C:\USERS\LUISE\DOCUMENTS\UNIVERSIDAD\SEMESTRE IX\MICROCONTROLADORES\BANDA\BANDA.ASM 24 : Found opcode in column 1. (movlw)
Warning[203] C:\USERS\LUISE\DOCUMENTS\UNIVERSIDAD\SEMESTRE IX\MICROCONTROLADORES\BANDA\BANDA.ASM 25 : Found opcode in column 1. (movwf)
Message[302] C:\USERS\LUISE\DOCUMENTS\UNIVERSIDAD\SEMESTRE IX\MICROCONTROLADORES\BANDA\BANDA.ASM 25 : Register in operand not in bank 0.  Ensure that bank bits are correct.
Warning[203] C:\USERS\LUISE\DOCUMENTS\UNIVERSIDAD\SEMESTRE IX\MICROCONTROLADORES\BANDA\BANDA.ASM 26 : Found opcode in column 1. (movlw)
Warning[203] C:\USERS\LUISE\DOCUMENTS\UNIVERSIDAD\SEMESTRE IX\MICROCONTROLADORES\BANDA\BANDA.ASM 27 : Found opcode in column 1. (movwf)
Message[302] C:\USERS\LUISE\DOCUMENTS\UNIVERSIDAD\SEMESTRE IX\MICROCONTROLADORES\BANDA\BANDA.ASM 27 : Register in operand not in bank 0.  Ensure that bank bits are correct.
Warning[203] C:\USERS\LUISE\DOCUMENTS\UNIVERSIDAD\SEMESTRE IX\MICROCONTROLADORES\BANDA\BANDA.ASM 28 : Found opcode in column 1. (bcf)
Warning[203] C:\USERS\LUISE\DOCUMENTS\UNIVERSIDAD\SEMESTRE IX\MICROCONTROLADORES\BANDA\BANDA.ASM 29 : Found opcode in column 1. (bcf)
Warning[203] C:\USERS\LUISE\DOCUMENTS\UNIVERSIDAD\SEMESTRE IX\MICROCONTROLADORES\BANDA\BANDA.ASM 67 : Found opcode in column 1. (goto)
Warning[203] C:\USERS\LUISE\DOCUMENTS\UNIVERSIDAD\SEMESTRE IX\MICROCONTROLADORES\BANDA\BANDA.ASM 70 : Found opcode in column 1. (goto)
Warning[203] C:\USERS\LUISE\DOCUMENTS\UNIVERSIDAD\SEMESTRE IX\MICROCONTROLADORES\BANDA\BANDA.ASM 116 : Found opcode in column 1. (goto)
Warning[203] C:\USERS\LUISE\DOCUMENTS\UNIVERSIDAD\SEMESTRE IX\MICROCONTROLADORES\BANDA\BANDA.ASM 119 : Found opcode in column 1. (goto)
Warning[203] C:\USERS\LUISE\DOCUMENTS\UNIVERSIDAD\SEMESTRE IX\MICROCONTROLADORES\BANDA\BANDA.ASM 123 : Found opcode in column 1. (movlw)
Warning[203] C:\USERS\LUISE\DOCUMENTS\UNIVERSIDAD\SEMESTRE IX\MICROCONTROLADORES\BANDA\BANDA.ASM 124 : Found opcode in column 1. (movwf)
Warning[203] C:\USERS\LUISE\DOCUMENTS\UNIVERSIDAD\SEMESTRE IX\MICROCONTROLADORES\BANDA\BANDA.ASM 126 : Found opcode in column 1. (movlw)
Warning[203] C:\USERS\LUISE\DOCUMENTS\UNIVERSIDAD\SEMESTRE IX\MICROCONTROLADORES\BANDA\BANDA.ASM 127 : Found opcode in column 1. (movwf)
Warning[203] C:\USERS\LUISE\DOCUMENTS\UNIVERSIDAD\SEMESTRE IX\MICROCONTROLADORES\BANDA\BANDA.ASM 129 : Found opcode in column 1. (decfsz)
Warning[203] C:\USERS\LUISE\DOCUMENTS\UNIVERSIDAD\SEMESTRE IX\MICROCONTROLADORES\BANDA\BANDA.ASM 130 : Found opcode in column 1. (goto)
Warning[203] C:\USERS\LUISE\DOCUMENTS\UNIVERSIDAD\SEMESTRE IX\MICROCONTROLADORES\BANDA\BANDA.ASM 131 : Found opcode in column 1. (decfsz)
Warning[203] C:\USERS\LUISE\DOCUMENTS\UNIVERSIDAD\SEMESTRE IX\MICROCONTROLADORES\BANDA\BANDA.ASM 132 : Found opcode in column 1. (goto)
Warning[203] C:\USERS\LUISE\DOCUMENTS\UNIVERSIDAD\SEMESTRE IX\MICROCONTROLADORES\BANDA\BANDA.ASM 133 : Found opcode in column 1. (return)
Warning[205] C:\USERS\LUISE\DOCUMENTS\UNIVERSIDAD\SEMESTRE IX\MICROCONTROLADORES\BANDA\BANDA.ASM 153 : Found directive in column 1. (end)
